<?xml version="1.0" encoding="UTF-8"?>
<!-- Generated by org.testng.reporters.JUnitReportReporter -->
<testsuite skipped="0" hostname="vivek.corp.capgemini.com" name="com.testhike.Hike" tests="1" failures="0" timestamp="25 Feb 2019 12:14:23 GMT" time="58.512" errors="0">
  <testcase name="hike_login" time="58.512" classname="com.testhike.Hike"/>
</testsuite> <!-- com.testhike.Hike -->
