<?xml version="1.0" encoding="UTF-8"?>
<!-- Generated by org.testng.reporters.JUnitReportReporter -->
<testsuite skipped="0" hostname="vivek.corp.capgemini.com" name="com.testhike.Conversation" tests="2" failures="0" timestamp="25 Feb 2019 12:32:28 GMT" time="71.713" errors="0">
  <testcase name="hike_login" time="67.845" classname="com.testhike.Conversation"/>
  <testcase name="tap" time="3.868" classname="com.testhike.Conversation"/>
</testsuite> <!-- com.testhike.Conversation -->
