<?xml version="1.0" encoding="UTF-8"?>
<!-- Generated by org.testng.reporters.JUnitReportReporter -->
<testsuite skipped="0" hostname="din16004174.corp.capgemini.com" name="Demo.MainTestCase" tests="1" failures="0" timestamp="18 Feb 2019 07:19:43 GMT" time="0.007" errors="0">
  <testcase name="test" time="0.007" classname="Demo.MainTestCase"/>
</testsuite> <!-- Demo.MainTestCase -->
