<?xml version="1.0" encoding="UTF-8"?>
<!-- Generated by org.testng.reporters.JUnitReportReporter -->
<testsuite hostname="din16004174.corp.capgemini.com" name="Basic.LoginTestWithExcel" tests="1" failures="0" timestamp="15 Feb 2019 06:53:12 GMT" time="18.254" errors="0">
  <testcase name="verify_LoginToFlipKart" time="18.254" classname="Basic.LoginTestWithExcel"/>
</testsuite> <!-- Basic.LoginTestWithExcel -->
