<?xml version="1.0" encoding="UTF-8"?>
<!-- Generated by org.testng.reporters.JUnitReportReporter -->
<testsuite hostname="vivek.corp.capgemini.com" failures="0" tests="1" name="seleniumTestng.NewTest" time="37.116" errors="0" timestamp="04 Feb 2019 11:30:55 GMT" skipped="0">
  <testcase classname="seleniumTestng.NewTest" name="main" time="37.116"/>
</testsuite> <!-- seleniumTestng.NewTest -->
