<?xml version="1.0" encoding="UTF-8"?>
<!-- Generated by org.testng.reporters.JUnitReportReporter -->
<testsuite skipped="0" hostname="vivek.corp.capgemini.com" name="seleniumtest1.Registration" tests="1" failures="0" timestamp="28 Feb 2019 14:20:59 GMT" time="14.195" errors="0">
  <testcase name="login" time="14.195" classname="seleniumtest1.Registration"/>
</testsuite> <!-- seleniumtest1.Registration -->
