<?xml version="1.0" encoding="UTF-8"?>
<!-- Generated by org.testng.reporters.JUnitReportReporter -->
<testsuite skipped="0" hostname="vivek.corp.capgemini.com" name="seleniumtest1.Dynamic" tests="1" failures="0" timestamp="28 Feb 2019 14:20:59 GMT" time="11.647" errors="0">
  <testcase name="Dynamic" time="11.647" classname="seleniumtest1.Dynamic"/>
</testsuite> <!-- seleniumtest1.Dynamic -->
