<?xml version="1.0" encoding="UTF-8"?>
<!-- Generated by org.testng.reporters.JUnitReportReporter -->
<testsuite skipped="0" hostname="vivek.corp.capgemini.com" name="seleniumtest.WidgetAutocomplete" tests="2" failures="0" timestamp="28 Feb 2019 14:20:59 GMT" time="35.624" errors="0">
  <testcase name="AccordionDef" time="14.275" classname="seleniumtest.WidgetAutocomplete"/>
  <testcase name="Multiple" time="21.349" classname="seleniumtest.WidgetAutocomplete"/>
</testsuite> <!-- seleniumtest.WidgetAutocomplete -->
