<?xml version="1.0" encoding="UTF-8"?>
<!-- Generated by org.testng.reporters.JUnitReportReporter -->
<testsuite skipped="0" hostname="vivek.corp.capgemini.com" name="seleniumtest.Droppeble" tests="5" failures="0" timestamp="28 Feb 2019 09:03:41 GMT" time="81.537" errors="0">
  <testcase name="deffunctionality" time="12.811" classname="seleniumtest.Droppeble"/>
  <testcase name="accept" time="29.624" classname="seleniumtest.Droppeble"/>
  <testcase name="prevent" time="13.665" classname="seleniumtest.Droppeble"/>
  <testcase name="revert" time="12.646" classname="seleniumtest.Droppeble"/>
  <testcase name="Demo" time="12.791" classname="seleniumtest.Droppeble"/>
</testsuite> <!-- seleniumtest.Droppeble -->
