<?xml version="1.0" encoding="UTF-8"?>
<!-- Generated by org.testng.reporters.JUnitReportReporter -->
<testsuite skipped="0" hostname="vivek.corp.capgemini.com" name="seleniumtest.Draggable" tests="5" failures="0" timestamp="28 Feb 2019 07:05:01 GMT" time="65.542" errors="0">
  <testcase name="deffunctionality" time="13.347" classname="seleniumtest.Draggable"/>
  <testcase name="constrainmovement" time="13.263" classname="seleniumtest.Draggable"/>
  <testcase name="cursor" time="12.899" classname="seleniumtest.Draggable"/>
  <testcase name="event" time="13.489" classname="seleniumtest.Draggable"/>
  <testcase name="draggable" time="12.544" classname="seleniumtest.Draggable"/>
</testsuite> <!-- seleniumtest.Draggable -->
