<?xml version="1.0" encoding="UTF-8"?>
<!-- Generated by org.testng.reporters.JUnitReportReporter -->
<testsuite skipped="0" hostname="vivek.corp.capgemini.com" name="seleniumtest.Resizable" tests="2" failures="0" timestamp="28 Feb 2019 14:20:59 GMT" time="23.828" errors="0">
  <testcase name="deffunctionality" time="12.223" classname="seleniumtest.Resizable"/>
  <testcase name="animate" time="11.605" classname="seleniumtest.Resizable"/>
</testsuite> <!-- seleniumtest.Resizable -->
