<?xml version="1.0" encoding="UTF-8"?>
<!-- Generated by org.testng.reporters.JUnitReportReporter -->
<testsuite skipped="0" hostname="vivek.corp.capgemini.com" name="seleniumtest.Selectable" tests="2" failures="0" timestamp="28 Feb 2019 14:20:59 GMT" time="30.415" errors="0">
  <testcase name="deffunctionality" time="11.150" classname="seleniumtest.Selectable"/>
  <testcase name="grid" time="19.265" classname="seleniumtest.Selectable"/>
</testsuite> <!-- seleniumtest.Selectable -->
