<?xml version="1.0" encoding="UTF-8"?>
<!-- Generated by org.testng.reporters.JUnitReportReporter -->
<testsuite skipped="0" hostname="vivek.corp.capgemini.com" name="seleniumtest.ToolsTips" tests="2" failures="0" timestamp="28 Feb 2019 14:20:59 GMT" time="22.819" errors="0">
  <testcase name="Fun" time="11.218" classname="seleniumtest.ToolsTips"/>
  <testcase name="Custom" time="11.601" classname="seleniumtest.ToolsTips"/>
</testsuite> <!-- seleniumtest.ToolsTips -->
