<?xml version="1.0" encoding="UTF-8"?>
<!-- Generated by org.testng.reporters.JUnitReportReporter -->
<testsuite skipped="0" hostname="vivek.corp.capgemini.com" name="seleniumtest.DatePicker" tests="2" failures="0" timestamp="26 Feb 2019 09:00:07 GMT" time="28.396" errors="0">
  <testcase name="Date" time="15.353" classname="seleniumtest.DatePicker"/>
  <testcase name="animation" time="13.043" classname="seleniumtest.DatePicker"/>
</testsuite> <!-- seleniumtest.DatePicker -->
