<?xml version="1.0" encoding="UTF-8"?>
<!-- Generated by org.testng.reporters.JUnitReportReporter -->
<testsuite hostname="vivek.corp.capgemini.com" failures="0" tests="2" name="seleniumtest.Alert" time="30.199" errors="0" timestamp="06 Feb 2019 06:10:31 GMT" skipped="0">
  <testcase classname="seleniumtest.Alert" name="alert" time="17.798"/>
  <testcase classname="seleniumtest.Alert" name="newalert" time="12.401"/>
</testsuite> <!-- seleniumtest.Alert -->
