<?xml version="1.0" encoding="UTF-8"?>
<!-- Generated by org.testng.reporters.JUnitReportReporter -->
<testsuite skipped="0" hostname="vivek.corp.capgemini.com" name="seleniumtest.DropDown" tests="2" failures="0" timestamp="28 Feb 2019 05:40:26 GMT" time="57.758" errors="0">
  <testcase name="DropDown" time="39.450" classname="seleniumtest.DropDown"/>
  <testcase name="Drop" time="18.308" classname="seleniumtest.DropDown"/>
</testsuite> <!-- seleniumtest.DropDown -->
