<?xml version="1.0" encoding="UTF-8"?>
<!-- Generated by org.testng.reporters.JUnitReportReporter -->
<testsuite skipped="0" hostname="vivek.corp.capgemini.com" name="seleniumtest.Dynamic" tests="1" failures="0" timestamp="28 Feb 2019 10:10:37 GMT" time="11.469" errors="0">
  <testcase name="Dynamic" time="11.469" classname="seleniumtest.Dynamic"/>
</testsuite> <!-- seleniumtest.Dynamic -->
