<?xml version="1.0" encoding="UTF-8"?>
<!-- Generated by org.testng.reporters.JUnitReportReporter -->
<testsuite skipped="0" hostname="vivek.corp.capgemini.com" name="seleniumtest.Window" tests="1" failures="0" timestamp="28 Feb 2019 14:20:59 GMT" time="12.060" errors="0">
  <testcase name="New" time="12.060" classname="seleniumtest.Window"/>
</testsuite> <!-- seleniumtest.Window -->
