<?xml version="1.0" encoding="UTF-8"?>
<!-- Generated by org.testng.reporters.JUnitReportReporter -->
<testsuite skipped="0" hostname="vivek.corp.capgemini.com" name="seleniumtest.Menu" tests="3" failures="0" timestamp="26 Feb 2019 09:20:06 GMT" time="36.295" errors="0">
  <testcase name="Simple" time="13.043" classname="seleniumtest.Menu"/>
  <testcase name="Sub" time="11.336" classname="seleniumtest.Menu"/>
  <testcase name="select" time="11.916" classname="seleniumtest.Menu"/>
</testsuite> <!-- seleniumtest.Menu -->
