<?xml version="1.0" encoding="UTF-8"?>
<!-- Generated by org.testng.reporters.JUnitReportReporter -->
<testsuite skipped="0" hostname="vivek.corp.capgemini.com" name="seleniumtest.Registration" tests="1" failures="0" timestamp="28 Feb 2019 10:10:37 GMT" time="34.241" errors="0">
  <testcase name="login" time="34.241" classname="seleniumtest.Registration"/>
</testsuite> <!-- seleniumtest.Registration -->
