<?xml version="1.0" encoding="UTF-8"?>
<!-- Generated by org.testng.reporters.JUnitReportReporter -->
<testsuite hostname="vivek.corp.capgemini.com" failures="0" tests="3" name="seleniumtest.Widget" time="62.104" errors="0" timestamp="05 Feb 2019 12:09:29 GMT" skipped="0">
  <testcase classname="seleniumtest.Widget" name="AccordionDef" time="35.085"/>
  <testcase classname="seleniumtest.Widget" name="AccordionCus" time="13.618"/>
  <testcase classname="seleniumtest.Widget" name="AccordionFill" time="13.401"/>
</testsuite> <!-- seleniumtest.Widget -->
