<?xml version="1.0" encoding="UTF-8"?>
<!-- Generated by org.testng.reporters.JUnitReportReporter -->
<testsuite hostname="vivek.corp.capgemini.com" failures="0" tests="1" name="seleniumtest.NewTest" time="16.402" errors="0" timestamp="04 Feb 2019 10:13:57 GMT" skipped="0">
  <testcase classname="seleniumtest.NewTest" name="main" time="16.402"/>
</testsuite> <!-- seleniumtest.NewTest -->
