<?xml version="1.0" encoding="UTF-8"?>
<!-- Generated by org.testng.reporters.JUnitReportReporter -->
<testsuite hostname="vivek.corp.capgemini.com" failures="0" tests="1" name="seleniumtest.WayTo" time="12.689" errors="0" timestamp="05 Feb 2019 11:19:52 GMT" skipped="0">
  <testcase classname="seleniumtest.WayTo" name="login" time="12.689"/>
</testsuite> <!-- seleniumtest.WayTo -->
