<?xml version="1.0" encoding="UTF-8"?>
<!-- Generated by org.testng.reporters.JUnitReportReporter -->
<testsuite hostname="vivek.corp.capgemini.com" failures="0" tests="1" name="seleniumtest.WidgetAutocomplete" time="26.220" errors="0" timestamp="06 Feb 2019 11:12:32 GMT" skipped="0">
  <testcase classname="seleniumtest.WidgetAutocomplete" name="AccordionDef" time="26.220"/>
</testsuite> <!-- seleniumtest.WidgetAutocomplete -->
