<?xml version="1.0" encoding="UTF-8"?>
<!-- Generated by org.testng.reporters.JUnitReportReporter -->
<testsuite skipped="0" hostname="vivek.corp.capgemini.com" name="com.testhike.Conversation" tests="2" failures="0" timestamp="22 Feb 2019 07:21:24 GMT" time="78.476" errors="0">
  <testcase name="hike_login" time="75.074" classname="com.testhike.Conversation"/>
  <testcase name="convo" time="3.402" classname="com.testhike.Conversation"/>
</testsuite> <!-- com.testhike.Conversation -->
