<?xml version="1.0" encoding="UTF-8"?>
<!-- Generated by org.testng.reporters.JUnitReportReporter -->
<testsuite hostname="vivek.corp.capgemini.com" failures="0" tests="4" name="seleniumtest.Window" time="44.253" errors="0" timestamp="05 Feb 2019 11:35:29 GMT" skipped="0">
  <testcase classname="seleniumtest.Window" name="New" time="10.374"/>
  <testcase classname="seleniumtest.Window" name="Newseperate" time="11.054"/>
  <testcase classname="seleniumtest.Window" name="NewMul" time="10.804"/>
  <testcase classname="seleniumtest.Window" name="NewFrame" time="12.021"/>
</testsuite> <!-- seleniumtest.Window -->
